<?xml version="1.0" encoding="UTF-8"?>
<!-- Generated by org.testng.reporters.JUnitXMLReporter -->
<testsuite hostname="Lydias-Air.home" ignored="1" name="HubSpot Functional Regression Test -- chrome" tests="5" failures="0" timestamp="2020-07-23T20:18:23 EDT" time="42.036" errors="0">
  <testcase name="verifyHomePageTitleTest" time="0.276" classname="com.qa.hubspot.tests.HomePageTest"/>
  <testcase name="verifyHomePageHeaderTest" time="0.907" classname="com.qa.hubspot.tests.HomePageTest"/>
  <testcase name="verifyPageTitleTest" time="3.433" classname="com.qa.hubspot.tests.LoginPageTest"/>
  <testcase name="verifySignUpLink" time="1.435" classname="com.qa.hubspot.tests.LoginPageTest"/>
  <testcase name="loginTest" time="3.773" classname="com.qa.hubspot.tests.LoginPageTest"/>
  <testcase name="login_invalidTestCases" time="0.0" classname="com.qa.hubspot.tests.LoginPageTest">
    <ignored/>
  </testcase> <!-- login_invalidTestCases -->
</testsuite> <!-- HubSpot Functional Regression Test - chrome -->
