<?xml version="1.0" encoding="UTF-8"?>
<!-- Generated by org.testng.reporters.JUnitXMLReporter -->
<testsuite hostname="Lydias-Air.home" ignored="1" name="HubSpot Functional Regression Test -- firefox" tests="5" failures="0" timestamp="2020-07-23T20:18:24 EDT" time="42.333" errors="0">
  <testcase name="verifyHomePageTitleTest" time="0.195" classname="com.qa.hubspot.tests.HomePageTest"/>
  <testcase name="verifyHomePageHeaderTest" time="1.03" classname="com.qa.hubspot.tests.HomePageTest"/>
  <testcase name="verifyPageTitleTest" time="3.908" classname="com.qa.hubspot.tests.LoginPageTest"/>
  <testcase name="verifySignUpLink" time="1.41" classname="com.qa.hubspot.tests.LoginPageTest"/>
  <testcase name="loginTest" time="3.953" classname="com.qa.hubspot.tests.LoginPageTest"/>
  <testcase name="login_invalidTestCases" time="0.0" classname="com.qa.hubspot.tests.LoginPageTest">
    <ignored/>
  </testcase> <!-- login_invalidTestCases -->
</testsuite> <!-- HubSpot Functional Regression Test - firefox -->
