<?xml version="1.0" encoding="UTF-8"?>
<!-- Generated by org.testng.reporters.JUnitXMLReporter -->
<testsuite hostname="Lydias-Air.home" ignored="1" name="Default test" tests="3" failures="0" timestamp="2020-07-23T19:21:28 EDT" time="21.919" errors="0">
  <testcase name="verifyPageTitleTest" time="3.801" classname="com.qa.hubspot.tests.LoginPageTest"/>
  <testcase name="verifySignUpLink" time="2.197" classname="com.qa.hubspot.tests.LoginPageTest"/>
  <testcase name="loginTest" time="3.721" classname="com.qa.hubspot.tests.LoginPageTest"/>
  <testcase name="login_invalidTestCases" time="0.0" classname="com.qa.hubspot.tests.LoginPageTest">
    <ignored/>
  </testcase> <!-- login_invalidTestCases -->
</testsuite> <!-- Default test -->
