<?xml version="1.0" encoding="UTF-8"?>
<!-- Generated by org.testng.reporters.JUnitXMLReporter -->
<testsuite hostname="Lydias-Air.home" ignored="1" name="Command line test" tests="7" failures="1" timestamp="2020-07-18T13:09:54 EDT" time="66.731" errors="0">
  <testcase name="verifyContactsPageTitle" time="0.851" classname="com.qa.hubspot.tests.ContactsPageTest"/>
  <testcase name="createContactsTest" time="0.0" classname="com.qa.hubspot.tests.ContactsPageTest">
    <failure type="org.testng.TestNGException" message="
Data Provider public java.lang.Object[][] com.qa.hubspot.tests.ContactsPageTest.getContactsTestData() returned a null value">
      <![CDATA[org.testng.TestNGException: 
Data Provider public java.lang.Object[][] com.qa.hubspot.tests.ContactsPageTest.getContactsTestData() returned a null value
at java.util.ArrayList.forEach(ArrayList.java:1257)
... Removed 34 stack frames]]>
    </failure>
  </testcase> <!-- createContactsTest -->
  <testcase name="verifyHomePageTitleTest" time="0.045" classname="com.qa.hubspot.tests.HomePageTest"/>
  <testcase name="verifyHomePageHeaderTest" time="0.979" classname="com.qa.hubspot.tests.HomePageTest"/>
  <testcase name="verifyPageTitleTest" time="0.04" classname="com.qa.hubspot.tests.LoginPageTest"/>
  <testcase name="verifySignUpLink" time="0.869" classname="com.qa.hubspot.tests.LoginPageTest"/>
  <testcase name="loginTest" time="3.198" classname="com.qa.hubspot.tests.LoginPageTest"/>
  <testcase name="login_invalidTestCases" time="0.0" classname="com.qa.hubspot.tests.LoginPageTest">
    <ignored/>
  </testcase> <!-- login_invalidTestCases -->
</testsuite> <!-- Command line test -->
